<?xml version="1.0" encoding="UTF-8"?>
<!-- Generated by org.testng.reporters.JUnitReportReporter -->
<testsuite hostname="NGBLR-03222" failures="0" tests="1" name="Framework.Properties_File" time="12.312" errors="0" timestamp="2023-09-22T18:32:07 IST" skipped="0">
  <testcase classname="Framework.Properties_File" name="Properties_File" time="12.312"/>
</testsuite> <!-- Framework.Properties_File -->
