<?xml version="1.0" encoding="UTF-8"?>
<!-- Generated by org.testng.reporters.JUnitReportReporter -->
<testsuite hostname="NGBLR-03222" failures="0" tests="1" name="Framework.SoftAssert" time="0.008" errors="0" timestamp="2023-09-22T18:33:52 IST" skipped="0">
  <testcase classname="Framework.SoftAssert" name="SoftAssertExample" time="0.008"/>
</testsuite> <!-- Framework.SoftAssert -->
