<?xml version="1.0" encoding="UTF-8"?>
<!-- Generated by org.testng.reporters.JUnitReportReporter -->
<testsuite hostname="NGBLR-03222" failures="0" tests="3" name="Framework.TestNGExample" time="0.009" errors="0" timestamp="2023-09-22T18:21:11 IST" skipped="0">
  <testcase classname="Framework.TestNGExample" name="createContact" time="0.007"/>
  <testcase classname="Framework.TestNGExample" name="modifyContact" time="0.001"/>
  <testcase classname="Framework.TestNGExample" name="deleteContact" time="0.001"/>
</testsuite> <!-- Framework.TestNGExample -->
