<?xml version="1.0" encoding="UTF-8"?>
<!-- Generated by org.testng.reporters.JUnitReportReporter -->
<testsuite hostname="NGBLR-03222" failures="0" tests="1" name="AdvancedScenarios.ScrollByRobotClass" time="31.114" errors="0" timestamp="2023-09-22T18:32:07 IST" skipped="0">
  <testcase classname="AdvancedScenarios.ScrollByRobotClass" name="ScrollByRobotClass" time="31.114"/>
</testsuite> <!-- AdvancedScenarios.ScrollByRobotClass -->
