<?xml version="1.0" encoding="UTF-8"?>
<!-- Generated by org.testng.reporters.JUnitReportReporter -->
<testsuite hostname="NGBLR-03222" failures="0" tests="1" name="mavenpractice.ReadDataFromCmdLine" time="0.012" errors="0" timestamp="2023-10-25T19:57:20 IST" skipped="0">
  <testcase classname="mavenpractice.ReadDataFromCmdLine" name="read" time="0.012"/>
  <system-out/>
</testsuite> <!-- mavenpractice.ReadDataFromCmdLine -->
