<?xml version="1.0" encoding="UTF-8"?>
<!-- Generated by org.testng.reporters.JUnitReportReporter -->
<testsuite hostname="NGBLR-03222" failures="0" tests="1" name="mavenpractice.LaunchBrowserTest" time="10.959" errors="0" timestamp="2023-10-25T19:33:09 IST" skipped="0">
  <testcase classname="mavenpractice.LaunchBrowserTest" name="launchBrowser" time="10.959"/>
  <system-out/>
</testsuite> <!-- mavenpractice.LaunchBrowserTest -->
