<?xml version="1.0" encoding="UTF-8"?>
<!-- Generated by org.testng.reporters.JUnitReportReporter -->
<testsuite hostname="NGBLR-03222" failures="0" tests="5" name="practice.TestNGPractice" time="0.003" errors="0" timestamp="2023-10-19T20:58:43 IST" skipped="0">
  <testcase classname="practice.TestNGPractice" name="modifyCustomer" time="0.001"/>
  <system-out/>
  <testcase classname="practice.TestNGPractice" name="deleteCustomer" time="0.001"/>
  <system-out/>
  <testcase classname="practice.TestNGPractice" name="createCustomer" time="0.000"/>
  <system-out/>
  <testcase classname="practice.TestNGPractice" name="createCustomer" time="0.001"/>
  <system-out/>
  <testcase classname="practice.TestNGPractice" name="createCustomer" time="0.000"/>
  <system-out/>
</testsuite> <!-- practice.TestNGPractice -->
