<?xml version="1.0" encoding="UTF-8"?>
<!-- Generated by org.testng.reporters.JUnitReportReporter -->
<testsuite hostname="NGBLR-03222" failures="0" tests="2" name="mavenpractice.LaunchBrowserTest" time="18.099" errors="0" timestamp="2023-10-25T20:51:04 IST" skipped="0">
  <testcase classname="mavenpractice.LaunchBrowserTest" name="launchEdgeBrowser" time="8.129"/>
  <system-out/>
  <testcase classname="mavenpractice.LaunchBrowserTest" name="launchBrowser" time="9.970"/>
  <system-out/>
</testsuite> <!-- mavenpractice.LaunchBrowserTest -->
