<?xml version="1.0" encoding="UTF-8"?>
<!-- Generated by org.testng.reporters.JUnitReportReporter -->
<testsuite hostname="NGBLR-03222" failures="0" tests="1" name="mavenpractice.ReadDataFromCmdLineTest" time="0.001" errors="0" timestamp="2023-10-25T20:51:04 IST" skipped="0">
  <testcase classname="mavenpractice.ReadDataFromCmdLineTest" name="read" time="0.001"/>
  <system-out/>
</testsuite> <!-- mavenpractice.ReadDataFromCmdLineTest -->
