<?xml version="1.0" encoding="UTF-8"?>
<!-- Generated by org.testng.reporters.JUnitReportReporter -->
<testsuite hostname="NGBLR-03222" failures="0" tests="1" name="contactsTests.CreateContactWithOrganizationTest" time="43.194" errors="0" timestamp="2023-10-11T20:47:22 IST" skipped="0">
  <testcase classname="contactsTests.CreateContactWithOrganizationTest" name="createContactWithOrgTest" time="43.194"/>
  <system-out/>
</testsuite> <!-- contactsTests.CreateContactWithOrganizationTest -->
