<?xml version="1.0" encoding="UTF-8"?>
<!-- Generated by org.testng.reporters.JUnitReportReporter -->
<testsuite hostname="NGBLR-03222" failures="0" tests="1" name="practice.DataProviderPractice" time="0.025" errors="1" timestamp="2023-10-05T20:23:35 IST" skipped="0">
  <testcase classname="practice.DataProviderPractice" name="addProductTocart" time="0.025">
    <error message="
[public void practice.DataProviderPractice.addProductTocart(java.lang.String,int,int,int)] has no parameters defined but was found to be using a data provider (either explicitly specified or inherited from class level annotation).
Data provider mismatch
Method: addProductTocart([Parameter{index=0, type=java.lang.String, declaredAnnotations=[]}, Parameter{index=1, type=int, declaredAnnotations=[]}, Parameter{index=2, type=int, declaredAnnotations=[]}, Parameter{index=3, type=int, declaredAnnotations=[]}])
Arguments: [(java.lang.String) samsung,(java.lang.Integer) 10000,(java.lang.Integer) 3,(java.lang.String) S310]" type="org.testng.internal.reflect.MethodMatcherException">
      <![CDATA[org.testng.internal.reflect.MethodMatcherException: 
[public void practice.DataProviderPractice.addProductTocart(java.lang.String,int,int,int)] has no parameters defined but was found to be using a data provider (either explicitly specified or inherited from class level annotation).
Data provider mismatch
Method: addProductTocart([Parameter{index=0, type=java.lang.String, declaredAnnotations=[]}, Parameter{index=1, type=int, declaredAnnotations=[]}, Parameter{index=2, type=int, declaredAnnotations=[]}, Parameter{index=3, type=int, declaredAnnotations=[]}])
Arguments: [(java.lang.String) samsung,(java.lang.Integer) 10000,(java.lang.Integer) 3,(java.lang.String) S310]
at org.testng.internal.reflect.DataProviderMethodMatcher.getConformingArguments(DataProviderMethodMatcher.java:43)
at org.testng.internal.Parameters.injectParameters(Parameters.java:909)
at org.testng.internal.MethodRunner.runInSequence(MethodRunner.java:34)
at org.testng.internal.TestInvoker$MethodInvocationAgent.invoke(TestInvoker.java:816)
at org.testng.internal.TestInvoker.invokeTestMethods(TestInvoker.java:146)
at org.testng.internal.TestMethodWorker.invokeTestMethods(TestMethodWorker.java:146)
at org.testng.internal.TestMethodWorker.run(TestMethodWorker.java:128)
at java.base/java.util.ArrayList.forEach(ArrayList.java:1511)
at org.testng.TestRunner.privateRun(TestRunner.java:766)
at org.testng.TestRunner.run(TestRunner.java:587)
at org.testng.SuiteRunner.runTest(SuiteRunner.java:384)
at org.testng.SuiteRunner.runSequentially(SuiteRunner.java:378)
at org.testng.SuiteRunner.privateRun(SuiteRunner.java:337)
at org.testng.SuiteRunner.run(SuiteRunner.java:286)
at org.testng.SuiteRunnerWorker.runSuite(SuiteRunnerWorker.java:53)
at org.testng.SuiteRunnerWorker.run(SuiteRunnerWorker.java:96)
at org.testng.TestNG.runSuitesSequentially(TestNG.java:1187)
at org.testng.TestNG.runSuitesLocally(TestNG.java:1109)
at org.testng.TestNG.runSuites(TestNG.java:1039)
at org.testng.TestNG.run(TestNG.java:1007)
at org.testng.remote.AbstractRemoteTestNG.run(AbstractRemoteTestNG.java:115)
at org.testng.remote.RemoteTestNG.initAndRun(RemoteTestNG.java:251)
at org.testng.remote.RemoteTestNG.main(RemoteTestNG.java:77)
]]>
    </error>
  </testcase> <!-- addProductTocart -->
  <system-out/>
</testsuite> <!-- practice.DataProviderPractice -->
