<?xml version="1.0" encoding="UTF-8"?>
<!-- Generated by org.testng.reporters.JUnitReportReporter -->
<testsuite hostname="NGBLR-03222" failures="0" tests="2" name="organizationTests.CreateOrganizationWithIndustryTest" time="31.796" errors="0" timestamp="2023-10-11T21:12:32 IST" skipped="0">
  <testcase classname="organizationTests.CreateOrganizationWithIndustryTest" name="createOrgTest" time="15.641"/>
  <system-out/>
  <testcase classname="organizationTests.CreateOrganizationWithIndustryTest" name="CreateOrgaWithIndustryTest" time="16.155"/>
  <system-out/>
</testsuite> <!-- organizationTests.CreateOrganizationWithIndustryTest -->
