<?xml version="1.0" encoding="UTF-8"?>
<!-- Generated by org.testng.reporters.JUnitReportReporter -->
<testsuite hostname="NGBLR-03222" failures="0" tests="5" name="organizationTests.CreateMultipleOrgswithIndustry" time="86.080" errors="0" timestamp="2023-10-06T19:46:31 IST" skipped="0">
  <testcase classname="organizationTests.CreateMultipleOrgswithIndustry" name="createMultipleOrg" time="16.930"/>
  <system-out/>
  <testcase classname="organizationTests.CreateMultipleOrgswithIndustry" name="createMultipleOrg" time="17.244"/>
  <system-out/>
  <testcase classname="organizationTests.CreateMultipleOrgswithIndustry" name="createMultipleOrg" time="16.714"/>
  <system-out/>
  <testcase classname="organizationTests.CreateMultipleOrgswithIndustry" name="createMultipleOrg" time="17.124"/>
  <system-out/>
  <testcase classname="organizationTests.CreateMultipleOrgswithIndustry" name="createMultipleOrg" time="18.068"/>
  <system-out/>
</testsuite> <!-- organizationTests.CreateMultipleOrgswithIndustry -->
