<?xml version="1.0" encoding="UTF-8"?>
<!-- Generated by org.testng.reporters.JUnitXMLReporter -->
<testsuite ignored="0" hostname="NGBLR-03222" failures="0" tests="1" name="Test-Runner-3" time="51.338" errors="0" timestamp="2023-10-11T20:47:22 IST">
  <testcase classname="organizationTests.CreateOrganizationWithIndustryTest" name="createOrgTest" time="14.292"/>
</testsuite> <!-- Test-Runner-3 -->
