<?xml version="1.0" encoding="UTF-8"?>
<!-- Generated by org.testng.reporters.JUnitXMLReporter -->
<testsuite ignored="0" hostname="NGBLR-03222" failures="0" tests="1" name="Test-Runner-2" time="47.534" errors="0" timestamp="2023-10-11T20:47:18 IST">
  <testcase classname="contactsTests.CreateContactWithOrganizationTest" name="createContactWithOrgTest" time="34.622"/>
</testsuite> <!-- Test-Runner-2 -->
