<?xml version="1.0" encoding="UTF-8"?>
<!-- Generated by org.testng.reporters.JUnitXMLReporter -->
<testsuite ignored="0" hostname="NGBLR-03222" failures="0" tests="2" name="Test-Runner-1" time="34.794" errors="0" timestamp="2023-10-11T21:12:32 IST">
  <testcase classname="organizationTests.CreateOrganizationWithIndustryTest" name="CreateOrgaWithIndustryTest" time="9.429"/>
  <testcase classname="organizationTests.CreateOrganizationWithIndustryTest" name="createOrgTest" time="10.696"/>
</testsuite> <!-- Test-Runner-1 -->
