<?xml version="1.0" encoding="UTF-8"?>
<!-- Generated by org.testng.reporters.JUnitXMLReporter -->
<testsuite ignored="0" hostname="NGBLR-03222" failures="0" tests="2" name="Test-Runner-chrome" time="120.998" errors="0" timestamp="2023-10-13T20:03:23 IST">
  <testcase classname="contactsTests.CreateContactTest" name="createContactTest" time="20.629"/>
  <testcase classname="contactsTests.CreateContactTest" name="createContactTest" time="20.338"/>
</testsuite> <!-- Test-Runner-chrome -->
